Flow report for DE1_SoC_Computer
Wed Feb 24 16:38:47 2016
Quartus Prime Version 15.1.0 Build 185 10/21/2015 SJ Lite Edition


---------------------
; Table of Contents ;
---------------------
  1. Legal Notice
  2. Flow Summary
  3. Flow Settings
  4. Flow Non-Default Global Settings
  5. Flow Elapsed Time
  6. Flow OS Summary
  7. Flow Log
  8. Flow Messages
  9. Flow Suppressed Messages



----------------
; Legal Notice ;
----------------
Copyright (C) 1991-2015 Altera Corporation. All rights reserved.
Your use of Altera Corporation's design tools, logic functions 
and other software and tools, and its AMPP partner logic 
functions, and any output files from any of the foregoing 
(including device programming or simulation files), and any 
associated documentation or information are expressly subject 
to the terms and conditions of the Altera Program License 
Subscription Agreement, the Altera Quartus Prime License Agreement,
the Altera MegaCore Function License Agreement, or other 
applicable license agreement, including, without limitation, 
that your use is for the sole purpose of programming logic 
devices manufactured by Altera and sold by Altera or its 
authorized distributors.  Please refer to the applicable 
agreement for further details.



+-------------------------------------------------------------------------------+
; Flow Summary                                                                  ;
+---------------------------------+---------------------------------------------+
; Flow Status                     ; Successful - Wed Feb 24 16:34:21 2016       ;
; Quartus Prime Version           ; 15.1.0 Build 185 10/21/2015 SJ Lite Edition ;
; Revision Name                   ; DE1_SoC_Computer                            ;
; Top-level Entity Name           ; DE1_SoC_Computer                            ;
; Family                          ; Cyclone V                                   ;
; Device                          ; 5CSEMA5F31C6                                ;
; Timing Models                   ; Final                                       ;
; Logic utilization (in ALMs)     ; 23,084 / 32,070 ( 72 % )                    ;
; Total registers                 ; 29536                                       ;
; Total pins                      ; 368 / 457 ( 81 % )                          ;
; Total virtual pins              ; 0                                           ;
; Total block memory bits         ; 2,366,874 / 4,065,280 ( 58 % )              ;
; Total DSP Blocks                ; 21 / 87 ( 24 % )                            ;
; Total HSSI RX PCSs              ; 0                                           ;
; Total HSSI PMA RX Deserializers ; 0                                           ;
; Total HSSI TX PCSs              ; 0                                           ;
; Total HSSI PMA TX Serializers   ; 0                                           ;
; Total PLLs                      ; 3 / 6 ( 50 % )                              ;
; Total DLLs                      ; 1 / 4 ( 25 % )                              ;
+---------------------------------+---------------------------------------------+


+-----------------------------------------+
; Flow Settings                           ;
+-------------------+---------------------+
; Option            ; Setting             ;
+-------------------+---------------------+
; Start date & time ; 02/24/2016 15:47:26 ;
; Main task         ; Compilation         ;
; Revision Name     ; DE1_SoC_Computer    ;
+-------------------+---------------------+


+----------------------------------------------------------------------------------------------------------------------------------------------------------------------------------------------+
; Flow Non-Default Global Settings                                                                                                                                                             ;
+--------------------------------------+-------------------------------------------------------------------------------+---------------+------------------------------------------+------------+
; Assignment Name                      ; Value                                                                         ; Default Value ; Entity Name                              ; Section Id ;
+--------------------------------------+-------------------------------------------------------------------------------+---------------+------------------------------------------+------------+
; COMPILER_SIGNATURE_ID                ; 203050738224942.145634683206228                                               ; --            ; --                                       ; --         ;
; FITTER_EFFORT                        ; Standard Fit                                                                  ; Auto Fit      ; --                                       ; --         ;
; HPS_ISW_FILE                         ; Computer_System/synthesis/submodules/sequencer/alt_types.pre.h                ; --            ; Computer_System_ARM_A9_HPS_hps_io_border ; --         ;
; HPS_ISW_FILE                         ; Computer_System/synthesis/submodules/sequencer/emif.pre.xml                   ; --            ; Computer_System_ARM_A9_HPS_hps_io_border ; --         ;
; HPS_ISW_FILE                         ; Computer_System/synthesis/submodules/sequencer/sdram_io.pre.h                 ; --            ; Computer_System_ARM_A9_HPS_hps_io_border ; --         ;
; HPS_ISW_FILE                         ; Computer_System/synthesis/submodules/sequencer/sequencer.pre.c                ; --            ; Computer_System_ARM_A9_HPS_hps_io_border ; --         ;
; HPS_ISW_FILE                         ; Computer_System/synthesis/submodules/sequencer/sequencer.pre.h                ; --            ; Computer_System_ARM_A9_HPS_hps_io_border ; --         ;
; HPS_ISW_FILE                         ; Computer_System/synthesis/submodules/sequencer/sequencer_auto.pre.h           ; --            ; Computer_System_ARM_A9_HPS_hps_io_border ; --         ;
; HPS_ISW_FILE                         ; Computer_System/synthesis/submodules/sequencer/sequencer_auto_ac_init.pre.c   ; --            ; Computer_System_ARM_A9_HPS_hps_io_border ; --         ;
; HPS_ISW_FILE                         ; Computer_System/synthesis/submodules/sequencer/sequencer_auto_inst_init.pre.c ; --            ; Computer_System_ARM_A9_HPS_hps_io_border ; --         ;
; HPS_ISW_FILE                         ; Computer_System/synthesis/submodules/sequencer/sequencer_defines.pre.h        ; --            ; Computer_System_ARM_A9_HPS_hps_io_border ; --         ;
; HPS_ISW_FILE                         ; Computer_System/synthesis/submodules/sequencer/system.pre.h                   ; --            ; Computer_System_ARM_A9_HPS_hps_io_border ; --         ;
; HPS_ISW_FILE                         ; Computer_System/synthesis/submodules/sequencer/tclrpt.pre.c                   ; --            ; Computer_System_ARM_A9_HPS_hps_io_border ; --         ;
; HPS_ISW_FILE                         ; Computer_System/synthesis/submodules/sequencer/tclrpt.pre.h                   ; --            ; Computer_System_ARM_A9_HPS_hps_io_border ; --         ;
; HPS_ISW_FILE                         ; Computer_System/synthesis/submodules/hps.pre.xml                              ; --            ; Computer_System_ARM_A9_HPS_hps_io_border ; --         ;
; HPS_PARTITION                        ; On                                                                            ; --            ; Computer_System_ARM_A9_HPS_hps_io_border ; --         ;
; MAX_CORE_JUNCTION_TEMP               ; 85                                                                            ; --            ; --                                       ; --         ;
; MIN_CORE_JUNCTION_TEMP               ; 0                                                                             ; --            ; --                                       ; --         ;
; MISC_FILE                            ; Computer_System/synthesis/../Computer_System.cmp                              ; --            ; --                                       ; --         ;
; MISC_FILE                            ; Computer_System/synthesis/../../C                                             ; --            ; --                                       ; --         ;
; MISC_FILE                            ; Computer_System/synthesis/Computer_System_ARM_A9_HPS_hps.svd                  ; --            ; --                                       ; --         ;
; MISC_FILE                            ; Computer_System/synthesis/../../Computer_System.qsys                          ; --            ; --                                       ; --         ;
; MISC_FILE                            ; Computer_System/synthesis/submodules/sequencer/alt_types.pre.h                ; --            ; --                                       ; --         ;
; MISC_FILE                            ; Computer_System/synthesis/submodules/sequencer/emif.pre.xml                   ; --            ; --                                       ; --         ;
; MISC_FILE                            ; Computer_System/synthesis/submodules/sequencer/sdram_io.pre.h                 ; --            ; --                                       ; --         ;
; MISC_FILE                            ; Computer_System/synthesis/submodules/sequencer/sequencer.pre.c                ; --            ; --                                       ; --         ;
; MISC_FILE                            ; Computer_System/synthesis/submodules/sequencer/sequencer.pre.h                ; --            ; --                                       ; --         ;
; MISC_FILE                            ; Computer_System/synthesis/submodules/sequencer/sequencer_auto.pre.h           ; --            ; --                                       ; --         ;
; MISC_FILE                            ; Computer_System/synthesis/submodules/sequencer/sequencer_auto_ac_init.pre.c   ; --            ; --                                       ; --         ;
; MISC_FILE                            ; Computer_System/synthesis/submodules/sequencer/sequencer_auto_inst_init.pre.c ; --            ; --                                       ; --         ;
; MISC_FILE                            ; Computer_System/synthesis/submodules/sequencer/sequencer_defines.pre.h        ; --            ; --                                       ; --         ;
; MISC_FILE                            ; Computer_System/synthesis/submodules/sequencer/system.pre.h                   ; --            ; --                                       ; --         ;
; MISC_FILE                            ; Computer_System/synthesis/submodules/sequencer/tclrpt.pre.c                   ; --            ; --                                       ; --         ;
; MISC_FILE                            ; Computer_System/synthesis/submodules/sequencer/tclrpt.pre.h                   ; --            ; --                                       ; --         ;
; MISC_FILE                            ; Computer_System/synthesis/submodules/hps.pre.xml                              ; --            ; --                                       ; --         ;
; MUX_RESTRUCTURE                      ; Off                                                                           ; Auto          ; --                                       ; --         ;
; OPTIMIZATION_MODE                    ; Aggressive Performance                                                        ; Balanced      ; --                                       ; --         ;
; OPTIMIZATION_TECHNIQUE               ; Speed                                                                         ; Balanced      ; --                                       ; --         ;
; PARTITION_COLOR                      ; 16764057                                                                      ; --            ; --                                       ; Top        ;
; PARTITION_FITTER_PRESERVATION_LEVEL  ; PLACEMENT_AND_ROUTING                                                         ; --            ; --                                       ; Top        ;
; PARTITION_NETLIST_TYPE               ; SOURCE                                                                        ; --            ; --                                       ; Top        ;
; PHYSICAL_SYNTHESIS_COMBO_LOGIC       ; On                                                                            ; Off           ; --                                       ; --         ;
; PHYSICAL_SYNTHESIS_REGISTER_RETIMING ; On                                                                            ; Off           ; --                                       ; --         ;
; PLACEMENT_EFFORT_MULTIPLIER          ; 4.0                                                                           ; 1.0           ; --                                       ; --         ;
; POWER_BOARD_THERMAL_MODEL            ; None (CONSERVATIVE)                                                           ; --            ; --                                       ; --         ;
; POWER_PRESET_COOLING_SOLUTION        ; 23 MM HEAT SINK WITH 200 LFPM AIRFLOW                                         ; --            ; --                                       ; --         ;
; ROUTER_TIMING_OPTIMIZATION_LEVEL     ; MAXIMUM                                                                       ; Normal        ; --                                       ; --         ;
; SLD_FILE                             ; Computer_System/synthesis/Computer_System.regmap                              ; --            ; --                                       ; --         ;
; SLD_FILE                             ; Computer_System/synthesis/Computer_System.debuginfo                           ; --            ; --                                       ; --         ;
; SLD_INFO                             ; QSYS_NAME Computer_System HAS_SOPCINFO 1 GENERATION_ID 1456346595             ; --            ; Computer_System                          ; --         ;
; SOPCINFO_FILE                        ; Computer_System/synthesis/../../Computer_System.sopcinfo                      ; --            ; --                                       ; --         ;
; SPECTRAQ_PHYSICAL_SYNTHESIS          ; On                                                                            ; Off           ; --                                       ; --         ;
; SYNTHESIS_ONLY_QIP                   ; On                                                                            ; --            ; --                                       ; --         ;
+--------------------------------------+-------------------------------------------------------------------------------+---------------+------------------------------------------+------------+


+-------------------------------------------------------------------------------------------------------------------------------+
; Flow Elapsed Time                                                                                                             ;
+---------------------------+--------------+-------------------------+---------------------+------------------------------------+
; Module Name               ; Elapsed Time ; Average Processors Used ; Peak Virtual Memory ; Total CPU Time (on all processors) ;
+---------------------------+--------------+-------------------------+---------------------+------------------------------------+
; Analysis & Synthesis      ; 00:06:42     ; 1.3                     ; 2510 MB             ; 00:07:31                           ;
; Fitter                    ; 00:34:59     ; 1.2                     ; 4337 MB             ; 00:51:53                           ;
; Assembler                 ; 00:00:56     ; 1.0                     ; 1374 MB             ; 00:00:50                           ;
; TimeQuest Timing Analyzer ; 00:04:20     ; 1.5                     ; 2607 MB             ; 00:06:07                           ;
; Total                     ; 00:46:57     ; --                      ; --                  ; 01:06:21                           ;
+---------------------------+--------------+-------------------------+---------------------+------------------------------------+


+----------------------------------------------------------------------------------------+
; Flow OS Summary                                                                        ;
+---------------------------+------------------+-----------+------------+----------------+
; Module Name               ; Machine Hostname ; OS Name   ; OS Version ; Processor type ;
+---------------------------+------------------+-----------+------------+----------------+
; Analysis & Synthesis      ; EN-EC-ABRL4-A    ; Windows 7 ; 6.1        ; x86_64         ;
; Fitter                    ; EN-EC-ABRL4-A    ; Windows 7 ; 6.1        ; x86_64         ;
; Assembler                 ; EN-EC-ABRL4-A    ; Windows 7 ; 6.1        ; x86_64         ;
; TimeQuest Timing Analyzer ; EN-EC-ABRL4-A    ; Windows 7 ; 6.1        ; x86_64         ;
+---------------------------+------------------+-----------+------------+----------------+


------------
; Flow Log ;
------------
quartus_map --read_settings_files=on --write_settings_files=off DE1_SoC_Computer -c DE1_SoC_Computer
quartus_fit --read_settings_files=off --write_settings_files=off DE1_SoC_Computer -c DE1_SoC_Computer
quartus_asm --read_settings_files=off --write_settings_files=off DE1_SoC_Computer -c DE1_SoC_Computer
quartus_sta DE1_SoC_Computer -c DE1_SoC_Computer



