Assembler report for DE2_115_Media_Computer
Fri Feb 12 14:23:42 2016
Quartus Prime Version 15.1.0 Build 185 10/21/2015 SJ Lite Edition


---------------------
; Table of Contents ;
---------------------
  1. Legal Notice
  2. Assembler Summary
  3. Assembler Settings
  4. Assembler Encrypted IP Cores Summary
  5. Assembler Generated Files
  6. Assembler Device Options: C:/Users/Shiva/Desktop/shiva_test/shiva_test/DE2-115_Media_Computer/verilog/DE2_115_Media_Computer.sof
  7. Assembler Device Options: C:/Users/Shiva/Desktop/shiva_test/shiva_test/DE2-115_Media_Computer/verilog/DE2_115_Media_Computer.pof
  8. Assembler Messages



----------------
; Legal Notice ;
----------------
Copyright (C) 1991-2015 Altera Corporation. All rights reserved.
Your use of Altera Corporation's design tools, logic functions 
and other software and tools, and its AMPP partner logic 
functions, and any output files from any of the foregoing 
(including device programming or simulation files), and any 
associated documentation or information are expressly subject 
to the terms and conditions of the Altera Program License 
Subscription Agreement, the Altera Quartus Prime License Agreement,
the Altera MegaCore Function License Agreement, or other 
applicable license agreement, including, without limitation, 
that your use is for the sole purpose of programming logic 
devices manufactured by Altera and sold by Altera or its 
authorized distributors.  Please refer to the applicable 
agreement for further details.



+---------------------------------------------------------------+
; Assembler Summary                                             ;
+-----------------------+---------------------------------------+
; Assembler Status      ; Successful - Fri Feb 12 14:23:42 2016 ;
; Revision Name         ; DE2_115_Media_Computer                ;
; Top-level Entity Name ; DE2_115_Media_Computer                ;
; Family                ; Cyclone IV E                          ;
; Device                ; EP4CE115F29C8                         ;
+-----------------------+---------------------------------------+


+----------------------------------+
; Assembler Settings               ;
+--------+---------+---------------+
; Option ; Setting ; Default Value ;
+--------+---------+---------------+


+-------------------------------------------------------+
; Assembler Encrypted IP Cores Summary                  ;
+--------+-------------------------------+--------------+
; Vendor ; IP Core Name                  ; License Type ;
+--------+-------------------------------+--------------+
; Altera ; Nios II Processor (6AF7 00A2) ; Licensed     ;
; Altera ; Signal Tap (6AF7 BCE1)        ; Licensed     ;
; Altera ; Signal Tap (6AF7 BCEC)        ; Licensed     ;
+--------+-------------------------------+--------------+


+--------------------------------------------------------------------------------------------------------+
; Assembler Generated Files                                                                              ;
+--------------------------------------------------------------------------------------------------------+
; File Name                                                                                              ;
+--------------------------------------------------------------------------------------------------------+
; C:/Users/Shiva/Desktop/shiva_test/shiva_test/DE2-115_Media_Computer/verilog/DE2_115_Media_Computer.sof ;
; C:/Users/Shiva/Desktop/shiva_test/shiva_test/DE2-115_Media_Computer/verilog/DE2_115_Media_Computer.pof ;
+--------------------------------------------------------------------------------------------------------+


+----------------------------------------------------------------------------------------------------------------------------------+
; Assembler Device Options: C:/Users/Shiva/Desktop/shiva_test/shiva_test/DE2-115_Media_Computer/verilog/DE2_115_Media_Computer.sof ;
+----------------+-----------------------------------------------------------------------------------------------------------------+
; Option         ; Setting                                                                                                         ;
+----------------+-----------------------------------------------------------------------------------------------------------------+
; Device         ; EP4CE115F29C8                                                                                                   ;
; JTAG usercode  ; 0x010B1E95                                                                                                      ;
; Checksum       ; 0x010B1E95                                                                                                      ;
+----------------+-----------------------------------------------------------------------------------------------------------------+


+----------------------------------------------------------------------------------------------------------------------------------+
; Assembler Device Options: C:/Users/Shiva/Desktop/shiva_test/shiva_test/DE2-115_Media_Computer/verilog/DE2_115_Media_Computer.pof ;
+--------------------+-------------------------------------------------------------------------------------------------------------+
; Option             ; Setting                                                                                                     ;
+--------------------+-------------------------------------------------------------------------------------------------------------+
; Device             ; EPCS64                                                                                                      ;
; JTAG usercode      ; 0x00000000                                                                                                  ;
; Checksum           ; 0x70016065                                                                                                  ;
; Compression Ratio  ; 3                                                                                                           ;
+--------------------+-------------------------------------------------------------------------------------------------------------+


+--------------------+
; Assembler Messages ;
+--------------------+
Info: *******************************************************************
Info: Running Quartus Prime Assembler
    Info: Version 15.1.0 Build 185 10/21/2015 SJ Lite Edition
    Info: Processing started: Fri Feb 12 14:23:18 2016
Info: Command: quartus_asm --read_settings_files=off --write_settings_files=off DE2_115_Media_Computer -c DE2_115_Media_Computer
Warning (125092): Tcl Script File Ethernet_PLL.qip not found
    Info (125063): set_global_assignment -name QIP_FILE Ethernet_PLL.qip
Warning (125092): Tcl Script File ddio_out.qip not found
    Info (125063): set_global_assignment -name QIP_FILE ddio_out.qip
Info (115031): Writing out detailed assembly data for power analysis
Info (115030): Assembler is generating device programming files
Info: Quartus Prime Assembler was successful. 0 errors, 2 warnings
    Info: Peak virtual memory: 843 megabytes
    Info: Processing ended: Fri Feb 12 14:23:42 2016
    Info: Elapsed time: 00:00:24
    Info: Total CPU time (on all processors): 00:00:10


