Archive Project report for DE2_115_Media_Computer
Fri Feb 12 14:30:21 2016
Quartus Prime Version 15.1.0 Build 185 10/21/2015 SJ Lite Edition


---------------------
; Table of Contents ;
---------------------
  1. Legal Notice
  2. Archive Project Summary
  3. Archive Project Messages
  4. Files Archived



----------------
; Legal Notice ;
----------------
Copyright (C) 1991-2015 Altera Corporation. All rights reserved.
Your use of Altera Corporation's design tools, logic functions 
and other software and tools, and its AMPP partner logic 
functions, and any output files from any of the foregoing 
(including device programming or simulation files), and any 
associated documentation or information are expressly subject 
to the terms and conditions of the Altera Program License 
Subscription Agreement, the Altera Quartus Prime License Agreement,
the Altera MegaCore Function License Agreement, or other 
applicable license agreement, including, without limitation, 
that your use is for the sole purpose of programming logic 
devices manufactured by Altera and sold by Altera or its 
authorized distributors.  Please refer to the applicable 
agreement for further details.



+----------------------------------------------------------------+
; Archive Project Summary                                        ;
+------------------------+---------------------------------------+
; Archive Project Status ; Successful - Fri Feb 12 14:30:21 2016 ;
; Revision Name          ; DE2_115_Media_Computer                ;
; Top-level Entity Name  ; DE2_115_Media_Computer                ;
; Family                 ; Cyclone IV E                          ;
+------------------------+---------------------------------------+


+--------------------------+
; Archive Project Messages ;
+--------------------------+
Info: File Set 'Source control' contains:
    Info: Project source and settings files
    Info: Automatically detected source files
Info: Archive will store files relative to the closest common parent directory
Info (13213): Using common directory C:/Users/Shiva/Desktop/shiva_test/shiva_test/DE2-115_Media_Computer/verilog/
Info: ----------------------------------------------------------
Info: ----------------------------------------------------------
Info: Generated archive 'C:/Users/Shiva/Desktop/shiva_test/shiva_test/DE2-115_Media_Computer/verilog/DE2-115-640x480.qar'
Info: ----------------------------------------------------------
Info: ----------------------------------------------------------
Info: Generated report 'DE2_115_Media_Computer.archive.rpt'
Info (23030): Evaluation of Tcl script c:/altera_lite/15.1/quartus/common/tcl/apps/qpm/qar.tcl was successful
Info: Quartus Prime Shell was successful. 0 errors, 2 warnings
    Info: Peak virtual memory: 701 megabytes
    Info: Processing ended: Fri Feb 12 14:30:21 2016
    Info: Elapsed time: 00:00:14
    Info: Total CPU time (on all processors): 00:00:03


+----------------------------------------------------------------------------------------------+
; Files Archived                                                                               ;
+----------------------------------------------------------------------------------------------+
; File Name                                                                                    ;
+----------------------------------------------------------------------------------------------+
; DE2_115_Media_Computer.qpf                                                                   ;
; DE2_115_Media_Computer.qsf                                                                   ;
; DE2_115_Media_Computer.sdc                                                                   ;
; de2_115_media_computer.v                                                                     ;
; DE2_115_Media_Computer_assignment_defaults.qdf                                               ;
; nios_system/synthesis/../../nios_system.cmp                                                  ;
; nios_system/synthesis/../../nios_system.qsys                                                 ;
; nios_system/synthesis/../../nios_system.sopcinfo                                             ;
; nios_system/synthesis/nios_system.qip                                                        ;
; nios_system/synthesis/nios_system.v                                                          ;
; nios_system/synthesis/submodules/altera_avalon_sc_fifo.v                                     ;
; nios_system/synthesis/submodules/altera_avalon_st_pipeline_base.v                            ;
; nios_system/synthesis/submodules/altera_customins_master_translator.v                        ;
; nios_system/synthesis/submodules/altera_customins_slave_translator.sv                        ;
; nios_system/synthesis/submodules/altera_merlin_address_alignment.sv                          ;
; nios_system/synthesis/submodules/altera_merlin_arbitrator.sv                                 ;
; nios_system/synthesis/submodules/altera_merlin_burst_adapter.sv                              ;
; nios_system/synthesis/submodules/altera_merlin_burst_uncompressor.sv                         ;
; nios_system/synthesis/submodules/altera_merlin_master_agent.sv                               ;
; nios_system/synthesis/submodules/altera_merlin_master_translator.sv                          ;
; nios_system/synthesis/submodules/altera_merlin_slave_agent.sv                                ;
; nios_system/synthesis/submodules/altera_merlin_slave_translator.sv                           ;
; nios_system/synthesis/submodules/altera_merlin_traffic_limiter.sv                            ;
; nios_system/synthesis/submodules/altera_merlin_width_adapter.sv                              ;
; nios_system/synthesis/submodules/altera_reset_controller.sdc                                 ;
; nios_system/synthesis/submodules/altera_reset_controller.v                                   ;
; nios_system/synthesis/submodules/altera_reset_synchronizer.v                                 ;
; nios_system/synthesis/submodules/altera_up_audio_bit_counter.v                               ;
; nios_system/synthesis/submodules/altera_up_audio_in_deserializer.v                           ;
; nios_system/synthesis/submodules/altera_up_audio_out_serializer.v                            ;
; nios_system/synthesis/submodules/altera_up_av_config_auto_init.v                             ;
; nios_system/synthesis/submodules/altera_up_av_config_auto_init_d5m.v                         ;
; nios_system/synthesis/submodules/altera_up_av_config_auto_init_dc2.v                         ;
; nios_system/synthesis/submodules/altera_up_av_config_auto_init_lcm.v                         ;
; nios_system/synthesis/submodules/altera_up_av_config_auto_init_ltm.v                         ;
; nios_system/synthesis/submodules/altera_up_av_config_auto_init_ob_adv7180.v                  ;
; nios_system/synthesis/submodules/altera_up_av_config_auto_init_ob_adv7181.v                  ;
; nios_system/synthesis/submodules/altera_up_av_config_auto_init_ob_audio.v                    ;
; nios_system/synthesis/submodules/altera_up_av_config_auto_init_ob_de2_35.v                   ;
; nios_system/synthesis/submodules/altera_up_av_config_auto_init_ob_de2_70.v                   ;
; nios_system/synthesis/submodules/altera_up_av_config_auto_init_ob_de2_115.v                  ;
; nios_system/synthesis/submodules/altera_up_av_config_serial_bus_controller.v                 ;
; nios_system/synthesis/submodules/altera_up_avalon_video_vga_timing.v                         ;
; nios_system/synthesis/submodules/altera_up_character_lcd_communication.v                     ;
; nios_system/synthesis/submodules/altera_up_character_lcd_initialization.v                    ;
; nios_system/synthesis/submodules/altera_up_clock_edge.v                                      ;
; nios_system/synthesis/submodules/Altera_UP_Flash_Memory_Controller.vhd                       ;
; nios_system/synthesis/submodules/Altera_UP_Flash_Memory_IP_Core_Avalon_Interface.vhd         ;
; nios_system/synthesis/submodules/Altera_UP_Flash_Memory_IP_Core_Standalone.vhd               ;
; nios_system/synthesis/submodules/Altera_UP_Flash_Memory_User_Interface.vhd                   ;
; nios_system/synthesis/submodules/altera_up_irda_counters.v                                   ;
; nios_system/synthesis/submodules/altera_up_irda_in_deserializer.v                            ;
; nios_system/synthesis/submodules/altera_up_irda_out_serializer.v                             ;
; nios_system/synthesis/submodules/altera_up_ps2.v                                             ;
; nios_system/synthesis/submodules/altera_up_ps2_command_out.v                                 ;
; nios_system/synthesis/submodules/altera_up_ps2_data_in.v                                     ;
; nios_system/synthesis/submodules/altera_up_RGB_to_YCrCb_converter.v                          ;
; nios_system/synthesis/submodules/altera_up_rs232_counters.v                                  ;
; nios_system/synthesis/submodules/altera_up_rs232_in_deserializer.v                           ;
; nios_system/synthesis/submodules/altera_up_rs232_out_serializer.v                            ;
; nios_system/synthesis/submodules/Altera_UP_SD_Card_48_bit_Command_Generator.vhd              ;
; nios_system/synthesis/submodules/Altera_UP_SD_Card_Avalon_Interface.vhd                      ;
; nios_system/synthesis/submodules/Altera_UP_SD_Card_Buffer.vhd                                ;
; nios_system/synthesis/submodules/Altera_UP_SD_Card_Clock.vhd                                 ;
; nios_system/synthesis/submodules/Altera_UP_SD_Card_Control_FSM.vhd                           ;
; nios_system/synthesis/submodules/Altera_UP_SD_Card_Interface.vhd                             ;
; nios_system/synthesis/submodules/Altera_UP_SD_Card_Memory_Block.bsf                          ;
; nios_system/synthesis/submodules/Altera_UP_SD_Card_Memory_Block.cmp                          ;
; nios_system/synthesis/submodules/Altera_UP_SD_Card_Memory_Block.qip                          ;
; nios_system/synthesis/submodules/Altera_UP_SD_Card_Memory_Block.vhd                          ;
; nios_system/synthesis/submodules/Altera_UP_SD_Card_Response_Receiver.vhd                     ;
; nios_system/synthesis/submodules/Altera_UP_SD_CRC7_Generator.vhd                             ;
; nios_system/synthesis/submodules/Altera_UP_SD_CRC16_Generator.vhd                            ;
; nios_system/synthesis/submodules/Altera_UP_SD_Signal_Trigger.vhd                             ;
; nios_system/synthesis/submodules/altera_up_slow_clock_generator.v                            ;
; nios_system/synthesis/submodules/altera_up_sync_fifo.v                                       ;
; nios_system/synthesis/submodules/altera_up_video_128_character_rom.v                         ;
; nios_system/synthesis/submodules/altera_up_video_alpha_blender_normal.v                      ;
; nios_system/synthesis/submodules/altera_up_video_alpha_blender_simple.v                      ;
; nios_system/synthesis/submodules/altera_up_video_camera_decoder.v                            ;
; nios_system/synthesis/submodules/altera_up_video_char_mode_rom_128.mif                       ;
; nios_system/synthesis/submodules/altera_up_video_clipper_add.v                               ;
; nios_system/synthesis/submodules/altera_up_video_clipper_counters.v                          ;
; nios_system/synthesis/submodules/altera_up_video_clipper_drop.v                              ;
; nios_system/synthesis/submodules/altera_up_video_decoder_add_endofpacket.v                   ;
; nios_system/synthesis/submodules/altera_up_video_dma_control_slave.v                         ;
; nios_system/synthesis/submodules/altera_up_video_dma_to_memory.v                             ;
; nios_system/synthesis/submodules/altera_up_video_dma_to_stream.v                             ;
; nios_system/synthesis/submodules/altera_up_video_dual_clock_fifo.v                           ;
; nios_system/synthesis/submodules/altera_up_video_fb_color_rom.mif                            ;
; nios_system/synthesis/submodules/altera_up_video_fb_color_rom.v                              ;
; nios_system/synthesis/submodules/altera_up_video_itu_656_decoder.v                           ;
; nios_system/synthesis/submodules/altera_up_video_scaler_multiply_height.v                    ;
; nios_system/synthesis/submodules/altera_up_video_scaler_multiply_width.v                     ;
; nios_system/synthesis/submodules/altera_up_video_scaler_shrink.v                             ;
; nios_system/synthesis/submodules/altera_up_YCrCb_to_RGB_converter.v                          ;
; nios_system/synthesis/submodules/fpoint_hw_qsys.v                                            ;
; nios_system/synthesis/submodules/fpoint_qsys.v                                               ;
; nios_system/synthesis/submodules/fpoint_wrapper.v                                            ;
; nios_system/synthesis/submodules/nios_system_addr_router.sv                                  ;
; nios_system/synthesis/submodules/nios_system_addr_router_001.sv                              ;
; nios_system/synthesis/submodules/nios_system_addr_router_002.sv                              ;
; nios_system/synthesis/submodules/nios_system_addr_router_003.sv                              ;
; nios_system/synthesis/submodules/nios_system_Alpha_Blending.v                                ;
; nios_system/synthesis/submodules/nios_system_Audio.v                                         ;
; nios_system/synthesis/submodules/nios_system_AV_Config.v                                     ;
; nios_system/synthesis/submodules/nios_system_Char_LCD_16x2.v                                 ;
; nios_system/synthesis/submodules/nios_system_cmd_xbar_demux.sv                               ;
; nios_system/synthesis/submodules/nios_system_cmd_xbar_demux_001.sv                           ;
; nios_system/synthesis/submodules/nios_system_cmd_xbar_demux_002.sv                           ;
; nios_system/synthesis/submodules/nios_system_cmd_xbar_demux_003.sv                           ;
; nios_system/synthesis/submodules/nios_system_cmd_xbar_mux.sv                                 ;
; nios_system/synthesis/submodules/nios_system_cmd_xbar_mux_016.sv                             ;
; nios_system/synthesis/submodules/nios_system_CPU.ocp                                         ;
; nios_system/synthesis/submodules/nios_system_CPU.sdc                                         ;
; nios_system/synthesis/submodules/nios_system_CPU.v                                           ;
; nios_system/synthesis/submodules/nios_system_CPU_custom_instruction_master_multi_xconnect.sv ;
; nios_system/synthesis/submodules/nios_system_CPU_ic_tag_ram.mif                              ;
; nios_system/synthesis/submodules/nios_system_CPU_jtag_debug_module_sysclk.v                  ;
; nios_system/synthesis/submodules/nios_system_CPU_jtag_debug_module_tck.v                     ;
; nios_system/synthesis/submodules/nios_system_CPU_jtag_debug_module_wrapper.v                 ;
; nios_system/synthesis/submodules/nios_system_CPU_mult_cell.v                                 ;
; nios_system/synthesis/submodules/nios_system_CPU_oci_test_bench.v                            ;
; nios_system/synthesis/submodules/nios_system_CPU_ociram_default_contents.mif                 ;
; nios_system/synthesis/submodules/nios_system_CPU_rf_ram_a.mif                                ;
; nios_system/synthesis/submodules/nios_system_CPU_rf_ram_b.mif                                ;
; nios_system/synthesis/submodules/nios_system_CPU_test_bench.v                                ;
; nios_system/synthesis/submodules/nios_system_Expansion_JP5.v                                 ;
; nios_system/synthesis/submodules/nios_system_External_Clocks.v                               ;
; nios_system/synthesis/submodules/nios_system_Green_LEDs.v                                    ;
; nios_system/synthesis/submodules/nios_system_HEX3_HEX0.v                                     ;
; nios_system/synthesis/submodules/nios_system_HEX7_HEX4.v                                     ;
; nios_system/synthesis/submodules/nios_system_id_router.sv                                    ;
; nios_system/synthesis/submodules/nios_system_id_router_003.sv                                ;
; nios_system/synthesis/submodules/nios_system_id_router_014.sv                                ;
; nios_system/synthesis/submodules/nios_system_id_router_016.sv                                ;
; nios_system/synthesis/submodules/nios_system_Interval_Timer.v                                ;
; nios_system/synthesis/submodules/nios_system_IrDA.v                                          ;
; nios_system/synthesis/submodules/nios_system_irq_mapper.sv                                   ;
; nios_system/synthesis/submodules/nios_system_JTAG_UART.v                                     ;
; nios_system/synthesis/submodules/nios_system_PS2_Port.v                                      ;
; nios_system/synthesis/submodules/nios_system_Pushbuttons.v                                   ;
; nios_system/synthesis/submodules/nios_system_Red_LEDs.v                                      ;
; nios_system/synthesis/submodules/nios_system_rsp_xbar_demux.sv                               ;
; nios_system/synthesis/submodules/nios_system_rsp_xbar_demux_003.sv                           ;
; nios_system/synthesis/submodules/nios_system_rsp_xbar_demux_016.sv                           ;
; nios_system/synthesis/submodules/nios_system_rsp_xbar_mux.sv                                 ;
; nios_system/synthesis/submodules/nios_system_rsp_xbar_mux_001.sv                             ;
; nios_system/synthesis/submodules/nios_system_SDRAM.v                                         ;
; nios_system/synthesis/submodules/nios_system_Serial_Port.v                                   ;
; nios_system/synthesis/submodules/nios_system_Slider_Switches.v                               ;
; nios_system/synthesis/submodules/nios_system_SRAM.v                                          ;
; nios_system/synthesis/submodules/nios_system_sysid.v                                         ;
; nios_system/synthesis/submodules/nios_system_USB.v                                           ;
; nios_system/synthesis/submodules/nios_system_VGA_Char_Buffer.v                               ;
; nios_system/synthesis/submodules/nios_system_VGA_Controller.v                                ;
; nios_system/synthesis/submodules/nios_system_VGA_Dual_Clock_FIFO.v                           ;
; nios_system/synthesis/submodules/nios_system_VGA_Pixel_Buffer.v                              ;
; nios_system/synthesis/submodules/nios_system_VGA_Pixel_RGB_Resampler.v                       ;
; nios_system/synthesis/submodules/nios_system_Video_In.v                                      ;
; nios_system/synthesis/submodules/nios_system_Video_In_Chroma_Resampler.v                     ;
; nios_system/synthesis/submodules/nios_system_Video_In_Clipper.v                              ;
; nios_system/synthesis/submodules/nios_system_Video_In_CSC.v                                  ;
; nios_system/synthesis/submodules/nios_system_Video_In_DMA_Controller.v                       ;
; nios_system/synthesis/submodules/nios_system_Video_In_RGB_Resampler.v                        ;
; nios_system/synthesis/submodules/nios_system_Video_In_Scaler.v                               ;
+----------------------------------------------------------------------------------------------+


