Flow report for DE1_SoC_Computer
Wed Jul 13 08:55:23 2016
Quartus II 64-Bit Version 15.0.0 Build 145 04/22/2015 SJ Full Version


---------------------
; Table of Contents ;
---------------------
  1. Legal Notice
  2. Flow Summary
  3. Flow Settings
  4. Flow Non-Default Global Settings
  5. Flow Elapsed Time
  6. Flow OS Summary
  7. Flow Log
  8. Flow Messages
  9. Flow Suppressed Messages



----------------
; Legal Notice ;
----------------
Copyright (C) 1991-2015 Altera Corporation. All rights reserved.
Your use of Altera Corporation's design tools, logic functions 
and other software and tools, and its AMPP partner logic 
functions, and any output files from any of the foregoing 
(including device programming or simulation files), and any 
associated documentation or information are expressly subject 
to the terms and conditions of the Altera Program License 
Subscription Agreement, the Altera Quartus II License Agreement,
the Altera MegaCore Function License Agreement, or other 
applicable license agreement, including, without limitation, 
that your use is for the sole purpose of programming logic 
devices manufactured by Altera and sold by Altera or its 
authorized distributors.  Please refer to the applicable 
agreement for further details.



+-------------------------------------------------------------------------------+
; Flow Summary                                                                  ;
+---------------------------------+---------------------------------------------+
; Flow Status                     ; Successful - Wed Jul 13 08:54:15 2016       ;
; Quartus II 64-Bit Version       ; 15.0.0 Build 145 04/22/2015 SJ Full Version ;
; Revision Name                   ; DE1_SoC_Computer                            ;
; Top-level Entity Name           ; DE1_SoC_Computer                            ;
; Family                          ; Cyclone V                                   ;
; Device                          ; 5CSEMA5F31C6                                ;
; Timing Models                   ; Final                                       ;
; Logic utilization (in ALMs)     ; 5,437 / 32,070 ( 17 % )                     ;
; Total registers                 ; 5067                                        ;
; Total pins                      ; 368 / 457 ( 81 % )                          ;
; Total virtual pins              ; 0                                           ;
; Total block memory bits         ; 2,184,960 / 4,065,280 ( 54 % )              ;
; Total DSP Blocks                ; 6 / 87 ( 7 % )                              ;
; Total HSSI RX PCSs              ; 0                                           ;
; Total HSSI PMA RX Deserializers ; 0                                           ;
; Total HSSI TX PCSs              ; 0                                           ;
; Total HSSI PMA TX Serializers   ; 0                                           ;
; Total PLLs                      ; 3 / 6 ( 50 % )                              ;
; Total DLLs                      ; 1 / 4 ( 25 % )                              ;
+---------------------------------+---------------------------------------------+


+-----------------------------------------+
; Flow Settings                           ;
+-------------------+---------------------+
; Option            ; Setting             ;
+-------------------+---------------------+
; Start date & time ; 07/08/2016 15:04:09 ;
; Main task         ; Compilation         ;
; Revision Name     ; DE1_SoC_Computer    ;
+-------------------+---------------------+


+-------------------------------------------------------------------------------------------------------------------------------------------------------------------------------------------------+
; Flow Non-Default Global Settings                                                                                                                                                                ;
+-----------------------------------------+-------------------------------------------------------------------------------+---------------+------------------------------------------+------------+
; Assignment Name                         ; Value                                                                         ; Default Value ; Entity Name                              ; Section Id ;
+-----------------------------------------+-------------------------------------------------------------------------------+---------------+------------------------------------------+------------+
; COMPILER_SIGNATURE_ID                   ; 268891671855944.146800464005400                                               ; --            ; --                                       ; --         ;
; FITTER_EFFORT                           ; Standard Fit                                                                  ; Auto Fit      ; --                                       ; --         ;
; HPS_ISW_FILE                            ; Computer_System/synthesis/submodules/sequencer/alt_types.pre.h                ; --            ; Computer_System_ARM_A9_HPS_hps_io_border ; --         ;
; HPS_ISW_FILE                            ; Computer_System/synthesis/submodules/sequencer/emif.pre.xml                   ; --            ; Computer_System_ARM_A9_HPS_hps_io_border ; --         ;
; HPS_ISW_FILE                            ; Computer_System/synthesis/submodules/sequencer/sdram_io.pre.h                 ; --            ; Computer_System_ARM_A9_HPS_hps_io_border ; --         ;
; HPS_ISW_FILE                            ; Computer_System/synthesis/submodules/sequencer/sequencer.pre.c                ; --            ; Computer_System_ARM_A9_HPS_hps_io_border ; --         ;
; HPS_ISW_FILE                            ; Computer_System/synthesis/submodules/sequencer/sequencer.pre.h                ; --            ; Computer_System_ARM_A9_HPS_hps_io_border ; --         ;
; HPS_ISW_FILE                            ; Computer_System/synthesis/submodules/sequencer/sequencer_auto.pre.h           ; --            ; Computer_System_ARM_A9_HPS_hps_io_border ; --         ;
; HPS_ISW_FILE                            ; Computer_System/synthesis/submodules/sequencer/sequencer_auto_ac_init.pre.c   ; --            ; Computer_System_ARM_A9_HPS_hps_io_border ; --         ;
; HPS_ISW_FILE                            ; Computer_System/synthesis/submodules/sequencer/sequencer_auto_inst_init.pre.c ; --            ; Computer_System_ARM_A9_HPS_hps_io_border ; --         ;
; HPS_ISW_FILE                            ; Computer_System/synthesis/submodules/sequencer/sequencer_defines.pre.h        ; --            ; Computer_System_ARM_A9_HPS_hps_io_border ; --         ;
; HPS_ISW_FILE                            ; Computer_System/synthesis/submodules/sequencer/system.pre.h                   ; --            ; Computer_System_ARM_A9_HPS_hps_io_border ; --         ;
; HPS_ISW_FILE                            ; Computer_System/synthesis/submodules/sequencer/tclrpt.pre.c                   ; --            ; Computer_System_ARM_A9_HPS_hps_io_border ; --         ;
; HPS_ISW_FILE                            ; Computer_System/synthesis/submodules/sequencer/tclrpt.pre.h                   ; --            ; Computer_System_ARM_A9_HPS_hps_io_border ; --         ;
; HPS_ISW_FILE                            ; Computer_System/synthesis/submodules/hps.pre.xml                              ; --            ; Computer_System_ARM_A9_HPS_hps_io_border ; --         ;
; HPS_PARTITION                           ; On                                                                            ; --            ; Computer_System_ARM_A9_HPS_hps_io_border ; --         ;
; MAX_CORE_JUNCTION_TEMP                  ; 85                                                                            ; --            ; --                                       ; --         ;
; MIN_CORE_JUNCTION_TEMP                  ; 0                                                                             ; --            ; --                                       ; --         ;
; MISC_FILE                               ; Computer_System/synthesis/../Computer_System.cmp                              ; --            ; --                                       ; --         ;
; MISC_FILE                               ; Computer_System/synthesis/../../C                                             ; --            ; --                                       ; --         ;
; MISC_FILE                               ; Computer_System/synthesis/Computer_System_ARM_A9_HPS_hps.svd                  ; --            ; --                                       ; --         ;
; MISC_FILE                               ; Computer_System/synthesis/../../Computer_System.qsys                          ; --            ; --                                       ; --         ;
; MISC_FILE                               ; Computer_System/synthesis/submodules/sequencer/alt_types.pre.h                ; --            ; --                                       ; --         ;
; MISC_FILE                               ; Computer_System/synthesis/submodules/sequencer/emif.pre.xml                   ; --            ; --                                       ; --         ;
; MISC_FILE                               ; Computer_System/synthesis/submodules/sequencer/sdram_io.pre.h                 ; --            ; --                                       ; --         ;
; MISC_FILE                               ; Computer_System/synthesis/submodules/sequencer/sequencer.pre.c                ; --            ; --                                       ; --         ;
; MISC_FILE                               ; Computer_System/synthesis/submodules/sequencer/sequencer.pre.h                ; --            ; --                                       ; --         ;
; MISC_FILE                               ; Computer_System/synthesis/submodules/sequencer/sequencer_auto.pre.h           ; --            ; --                                       ; --         ;
; MISC_FILE                               ; Computer_System/synthesis/submodules/sequencer/sequencer_auto_ac_init.pre.c   ; --            ; --                                       ; --         ;
; MISC_FILE                               ; Computer_System/synthesis/submodules/sequencer/sequencer_auto_inst_init.pre.c ; --            ; --                                       ; --         ;
; MISC_FILE                               ; Computer_System/synthesis/submodules/sequencer/sequencer_defines.pre.h        ; --            ; --                                       ; --         ;
; MISC_FILE                               ; Computer_System/synthesis/submodules/sequencer/system.pre.h                   ; --            ; --                                       ; --         ;
; MISC_FILE                               ; Computer_System/synthesis/submodules/sequencer/tclrpt.pre.c                   ; --            ; --                                       ; --         ;
; MISC_FILE                               ; Computer_System/synthesis/submodules/sequencer/tclrpt.pre.h                   ; --            ; --                                       ; --         ;
; MISC_FILE                               ; Computer_System/synthesis/submodules/hps.pre.xml                              ; --            ; --                                       ; --         ;
; MUX_RESTRUCTURE                         ; Off                                                                           ; Auto          ; --                                       ; --         ;
; NUM_PARALLEL_PROCESSORS                 ; All                                                                           ; --            ; --                                       ; --         ;
; OPTIMIZATION_MODE                       ; Aggressive Performance                                                        ; Balanced      ; --                                       ; --         ;
; OPTIMIZATION_TECHNIQUE                  ; Speed                                                                         ; Balanced      ; --                                       ; --         ;
; PARTITION_COLOR                         ; 16764057                                                                      ; --            ; --                                       ; Top        ;
; PARTITION_FITTER_PRESERVATION_LEVEL     ; PLACEMENT_AND_ROUTING                                                         ; --            ; --                                       ; Top        ;
; PARTITION_NETLIST_TYPE                  ; SOURCE                                                                        ; --            ; --                                       ; Top        ;
; PHYSICAL_SYNTHESIS_COMBO_LOGIC          ; On                                                                            ; Off           ; --                                       ; --         ;
; PHYSICAL_SYNTHESIS_REGISTER_DUPLICATION ; On                                                                            ; Off           ; --                                       ; --         ;
; PHYSICAL_SYNTHESIS_REGISTER_RETIMING    ; On                                                                            ; Off           ; --                                       ; --         ;
; PLACEMENT_EFFORT_MULTIPLIER             ; 4.0                                                                           ; 1.0           ; --                                       ; --         ;
; POWER_BOARD_THERMAL_MODEL               ; None (CONSERVATIVE)                                                           ; --            ; --                                       ; --         ;
; POWER_PRESET_COOLING_SOLUTION           ; 23 MM HEAT SINK WITH 200 LFPM AIRFLOW                                         ; --            ; --                                       ; --         ;
; ROUTER_TIMING_OPTIMIZATION_LEVEL        ; MAXIMUM                                                                       ; Normal        ; --                                       ; --         ;
; SLD_FILE                                ; Computer_System/synthesis/Computer_System.regmap                              ; --            ; --                                       ; --         ;
; SLD_FILE                                ; Computer_System/synthesis/Computer_System.debuginfo                           ; --            ; --                                       ; --         ;
; SLD_INFO                                ; QSYS_NAME Computer_System HAS_SOPCINFO 1 GENERATION_ID 1467985812             ; --            ; Computer_System                          ; --         ;
; SOPCINFO_FILE                           ; Computer_System/synthesis/../../Computer_System.sopcinfo                      ; --            ; --                                       ; --         ;
; SYNTHESIS_ONLY_QIP                      ; On                                                                            ; --            ; --                                       ; --         ;
+-----------------------------------------+-------------------------------------------------------------------------------+---------------+------------------------------------------+------------+


+-------------------------------------------------------------------------------------------------------------------------------+
; Flow Elapsed Time                                                                                                             ;
+---------------------------+--------------+-------------------------+---------------------+------------------------------------+
; Module Name               ; Elapsed Time ; Average Processors Used ; Peak Virtual Memory ; Total CPU Time (on all processors) ;
+---------------------------+--------------+-------------------------+---------------------+------------------------------------+
; Analysis & Synthesis      ; 00:02:21     ; 1.9                     ; 1545 MB             ; 00:04:03                           ;
; Fitter                    ; 00:08:16     ; 2.0                     ; 3924 MB             ; 00:13:26                           ;
; Assembler                 ; 00:00:26     ; 1.0                     ; 1000 MB             ; 00:00:26                           ;
; TimeQuest Timing Analyzer ; 00:01:38     ; 1.9                     ; 2084 MB             ; 00:02:38                           ;
; Analysis & Synthesis      ; 00:02:26     ; 1.9                     ; 1550 MB             ; 00:04:04                           ;
; Partition Merge           ; 00:00:18     ; 1.0                     ; 829 MB              ; 00:00:18                           ;
; Fitter                    ; 00:08:02     ; 2.0                     ; 3922 MB             ; 00:13:27                           ;
; Assembler                 ; 00:00:26     ; 1.0                     ; 1003 MB             ; 00:00:26                           ;
; TimeQuest Timing Analyzer ; 00:01:46     ; 1.9                     ; 2085 MB             ; 00:02:50                           ;
; Analysis & Synthesis      ; 00:01:13     ; 1.0                     ; 1482 MB             ; 00:01:42                           ;
; Partition Merge           ; 00:00:18     ; 1.0                     ; 828 MB              ; 00:00:18                           ;
; Fitter                    ; 00:08:00     ; 2.0                     ; 3928 MB             ; 00:13:23                           ;
; Assembler                 ; 00:00:26     ; 1.0                     ; 1002 MB             ; 00:00:26                           ;
; TimeQuest Timing Analyzer ; 00:01:36     ; 1.8                     ; 2085 MB             ; 00:02:35                           ;
; Analysis & Synthesis      ; 00:01:15     ; 1.1                     ; 1484 MB             ; 00:01:43                           ;
; Partition Merge           ; 00:00:27     ; 1.0                     ; 1040 MB             ; 00:00:26                           ;
; Fitter                    ; 00:04:53     ; 1.4                     ; 3974 MB             ; 00:06:47                           ;
; Assembler                 ; 00:00:29     ; 1.0                     ; 983 MB              ; 00:00:28                           ;
; TimeQuest Timing Analyzer ; 00:01:46     ; 1.8                     ; 2072 MB             ; 00:02:50                           ;
; Analysis & Synthesis      ; 00:01:18     ; 1.0                     ; 1491 MB             ; 00:01:48                           ;
; Partition Merge           ; 00:00:26     ; 1.0                     ; 1047 MB             ; 00:00:26                           ;
; Fitter                    ; 00:05:29     ; 1.4                     ; 3993 MB             ; 00:07:38                           ;
; Assembler                 ; 00:00:26     ; 1.0                     ; 996 MB              ; 00:00:26                           ;
; TimeQuest Timing Analyzer ; 00:01:39     ; 1.7                     ; 2082 MB             ; 00:02:37                           ;
; Analysis & Synthesis      ; 00:01:56     ; 2.0                     ; 1479 MB             ; 00:03:48                           ;
; Partition Merge           ; 00:00:25     ; 1.0                     ; 1073 MB             ; 00:00:25                           ;
; Fitter                    ; 00:04:41     ; 1.4                     ; 4000 MB             ; 00:06:34                           ;
; Assembler                 ; 00:00:32     ; 1.0                     ; 1002 MB             ; 00:00:31                           ;
; TimeQuest Timing Analyzer ; 00:02:00     ; 1.8                     ; 2071 MB             ; 00:03:14                           ;
; Analysis & Synthesis      ; 00:01:17     ; 1.0                     ; 1488 MB             ; 00:01:47                           ;
; Partition Merge           ; 00:00:27     ; 1.0                     ; 1047 MB             ; 00:00:26                           ;
; Fitter                    ; 00:04:56     ; 1.4                     ; 3971 MB             ; 00:06:51                           ;
; Assembler                 ; 00:00:28     ; 1.0                     ; 988 MB              ; 00:00:27                           ;
; TimeQuest Timing Analyzer ; 00:01:49     ; 1.8                     ; 2074 MB             ; 00:02:51                           ;
; Analysis & Synthesis      ; 00:01:14     ; 1.0                     ; 1487 MB             ; 00:01:43                           ;
; Partition Merge           ; 00:00:29     ; 1.0                     ; 1048 MB             ; 00:00:29                           ;
; Fitter                    ; 00:04:27     ; 1.4                     ; 3977 MB             ; 00:06:13                           ;
; Assembler                 ; 00:00:26     ; 1.0                     ; 991 MB              ; 00:00:26                           ;
; TimeQuest Timing Analyzer ; 00:01:35     ; 1.8                     ; 2072 MB             ; 00:02:34                           ;
; Analysis & Synthesis      ; 00:01:44     ; 1.9                     ; 1351 MB             ; 00:03:05                           ;
; Partition Merge           ; 00:00:18     ; 1.0                     ; 809 MB              ; 00:00:18                           ;
; Fitter                    ; 00:06:12     ; 2.0                     ; 3891 MB             ; 00:09:46                           ;
; Assembler                 ; 00:00:23     ; 1.0                     ; 937 MB              ; 00:00:22                           ;
; TimeQuest Timing Analyzer ; 00:01:12     ; 1.7                     ; 1942 MB             ; 00:01:52                           ;
; Analysis & Synthesis      ; 00:00:45     ; 1.0                     ; 1239 MB             ; 00:00:58                           ;
; Partition Merge           ; 00:00:21     ; 1.0                     ; 1001 MB             ; 00:00:21                           ;
; Fitter                    ; 00:03:02     ; 1.5                     ; 3767 MB             ; 00:04:10                           ;
; Assembler                 ; 00:00:23     ; 1.0                     ; 924 MB              ; 00:00:22                           ;
; TimeQuest Timing Analyzer ; 00:01:13     ; 1.6                     ; 1933 MB             ; 00:01:52                           ;
; Analysis & Synthesis      ; 00:00:42     ; 1.0                     ; 1231 MB             ; 00:00:56                           ;
; Partition Merge           ; 00:00:21     ; 1.0                     ; 991 MB              ; 00:00:21                           ;
; Fitter                    ; 00:03:10     ; 1.5                     ; 3779 MB             ; 00:04:21                           ;
; Assembler                 ; 00:00:24     ; 1.0                     ; 936 MB              ; 00:00:24                           ;
; TimeQuest Timing Analyzer ; 00:01:18     ; 1.7                     ; 1933 MB             ; 00:01:58                           ;
; Analysis & Synthesis      ; 00:00:44     ; 1.0                     ; 1235 MB             ; 00:00:58                           ;
; Partition Merge           ; 00:00:20     ; 1.0                     ; 999 MB              ; 00:00:20                           ;
; Fitter                    ; 00:03:02     ; 1.4                     ; 3788 MB             ; 00:04:11                           ;
; Assembler                 ; 00:00:23     ; 1.0                     ; 928 MB              ; 00:00:22                           ;
; TimeQuest Timing Analyzer ; 00:01:12     ; 1.8                     ; 1934 MB             ; 00:01:52                           ;
; Analysis & Synthesis      ; 00:00:47     ; 1.0                     ; 1229 MB             ; 00:01:01                           ;
; Partition Merge           ; 00:00:23     ; 1.0                     ; 990 MB              ; 00:00:23                           ;
; Fitter                    ; 00:03:09     ; 1.4                     ; 3763 MB             ; 00:04:17                           ;
; Assembler                 ; 00:00:24     ; 1.0                     ; 928 MB              ; 00:00:23                           ;
; TimeQuest Timing Analyzer ; 00:01:26     ; 1.7                     ; 1933 MB             ; 00:02:09                           ;
; Analysis & Synthesis      ; 00:01:27     ; 2.0                     ; 1258 MB             ; 00:02:33                           ;
; Partition Merge           ; 00:00:15     ; 1.0                     ; 791 MB              ; 00:00:15                           ;
; Fitter                    ; 00:05:27     ; 2.0                     ; 3818 MB             ; 00:08:38                           ;
; Assembler                 ; 00:00:21     ; 1.0                     ; 907 MB              ; 00:00:21                           ;
; TimeQuest Timing Analyzer ; 00:01:06     ; 1.7                     ; 1885 MB             ; 00:01:38                           ;
; Analysis & Synthesis      ; 00:00:41     ; 1.0                     ; 1170 MB             ; 00:00:55                           ;
; Partition Merge           ; 00:00:18     ; 1.0                     ; 960 MB              ; 00:00:18                           ;
; Fitter                    ; 00:02:57     ; 1.5                     ; 3727 MB             ; 00:04:01                           ;
; Assembler                 ; 00:00:23     ; 1.0                     ; 904 MB              ; 00:00:22                           ;
; TimeQuest Timing Analyzer ; 00:01:12     ; 1.7                     ; 1873 MB             ; 00:01:46                           ;
; Analysis & Synthesis      ; 00:01:25     ; 2.0                     ; 1243 MB             ; 00:02:30                           ;
; Partition Merge           ; 00:00:15     ; 1.0                     ; 784 MB              ; 00:00:15                           ;
; Fitter                    ; 00:05:23     ; 2.0                     ; 3769 MB             ; 00:08:21                           ;
; Assembler                 ; 00:00:22     ; 1.0                     ; 900 MB              ; 00:00:21                           ;
; TimeQuest Timing Analyzer ; 00:01:09     ; 1.6                     ; 1878 MB             ; 00:01:41                           ;
; Analysis & Synthesis      ; 00:00:39     ; 1.0                     ; 1168 MB             ; 00:00:51                           ;
; Partition Merge           ; 00:00:19     ; 1.0                     ; 962 MB              ; 00:00:19                           ;
; Fitter                    ; 00:02:47     ; 1.5                     ; 3688 MB             ; 00:03:47                           ;
; Assembler                 ; 00:00:21     ; 1.0                     ; 897 MB              ; 00:00:21                           ;
; TimeQuest Timing Analyzer ; 00:01:06     ; 1.7                     ; 1871 MB             ; 00:01:38                           ;
; Analysis & Synthesis      ; 00:00:37     ; 1.0                     ; 1167 MB             ; 00:00:50                           ;
; Partition Merge           ; 00:00:18     ; 1.0                     ; 964 MB              ; 00:00:19                           ;
; Fitter                    ; 00:02:29     ; 1.4                     ; 3676 MB             ; 00:03:27                           ;
; Assembler                 ; 00:00:27     ; 1.0                     ; 900 MB              ; 00:00:27                           ;
; TimeQuest Timing Analyzer ; 00:01:17     ; 1.5                     ; 1872 MB             ; 00:01:50                           ;
; Analysis & Synthesis      ; 00:00:38     ; 1.0                     ; 1172 MB             ; 00:00:51                           ;
; Partition Merge           ; 00:00:19     ; 1.0                     ; 964 MB              ; 00:00:19                           ;
; Fitter                    ; 00:02:19     ; 1.4                     ; 3684 MB             ; 00:03:16                           ;
; Assembler                 ; 00:00:21     ; 1.0                     ; 902 MB              ; 00:00:21                           ;
; TimeQuest Timing Analyzer ; 00:01:04     ; 1.8                     ; 1871 MB             ; 00:01:36                           ;
; Analysis & Synthesis      ; 00:00:45     ; 1.0                     ; 1178 MB             ; 00:00:59                           ;
; Partition Merge           ; 00:00:18     ; 1.0                     ; 961 MB              ; 00:00:18                           ;
; Fitter                    ; 00:02:31     ; 1.5                     ; 3696 MB             ; 00:03:28                           ;
; Assembler                 ; 00:00:21     ; 1.0                     ; 904 MB              ; 00:00:20                           ;
; TimeQuest Timing Analyzer ; 00:01:05     ; 1.7                     ; 1873 MB             ; 00:01:37                           ;
; Total                     ; 02:38:02     ; --                      ; --                  ; 03:51:21                           ;
+---------------------------+--------------+-------------------------+---------------------+------------------------------------+


+----------------------------------------------------------------------------------------+
; Flow OS Summary                                                                        ;
+---------------------------+------------------+-----------+------------+----------------+
; Module Name               ; Machine Hostname ; OS Name   ; OS Version ; Processor type ;
+---------------------------+------------------+-----------+------------+----------------+
; Analysis & Synthesis      ; en-ec-abrl4-b    ; Windows 7 ; 6.1        ; x86_64         ;
; Fitter                    ; en-ec-abrl4-b    ; Windows 7 ; 6.1        ; x86_64         ;
; Assembler                 ; en-ec-abrl4-b    ; Windows 7 ; 6.1        ; x86_64         ;
; TimeQuest Timing Analyzer ; en-ec-abrl4-b    ; Windows 7 ; 6.1        ; x86_64         ;
; Analysis & Synthesis      ; en-ec-abrl4-b    ; Windows 7 ; 6.1        ; x86_64         ;
; Partition Merge           ; en-ec-abrl4-b    ; Windows 7 ; 6.1        ; x86_64         ;
; Fitter                    ; en-ec-abrl4-b    ; Windows 7 ; 6.1        ; x86_64         ;
; Assembler                 ; en-ec-abrl4-b    ; Windows 7 ; 6.1        ; x86_64         ;
; TimeQuest Timing Analyzer ; en-ec-abrl4-b    ; Windows 7 ; 6.1        ; x86_64         ;
; Analysis & Synthesis      ; en-ec-abrl4-b    ; Windows 7 ; 6.1        ; x86_64         ;
; Partition Merge           ; en-ec-abrl4-b    ; Windows 7 ; 6.1        ; x86_64         ;
; Fitter                    ; en-ec-abrl4-b    ; Windows 7 ; 6.1        ; x86_64         ;
; Assembler                 ; en-ec-abrl4-b    ; Windows 7 ; 6.1        ; x86_64         ;
; TimeQuest Timing Analyzer ; en-ec-abrl4-b    ; Windows 7 ; 6.1        ; x86_64         ;
; Analysis & Synthesis      ; en-ec-abrl4-b    ; Windows 7 ; 6.1        ; x86_64         ;
; Partition Merge           ; en-ec-abrl4-b    ; Windows 7 ; 6.1        ; x86_64         ;
; Fitter                    ; en-ec-abrl4-b    ; Windows 7 ; 6.1        ; x86_64         ;
; Assembler                 ; en-ec-abrl4-b    ; Windows 7 ; 6.1        ; x86_64         ;
; TimeQuest Timing Analyzer ; en-ec-abrl4-b    ; Windows 7 ; 6.1        ; x86_64         ;
; Analysis & Synthesis      ; en-ec-abrl4-b    ; Windows 7 ; 6.1        ; x86_64         ;
; Partition Merge           ; en-ec-abrl4-b    ; Windows 7 ; 6.1        ; x86_64         ;
; Fitter                    ; en-ec-abrl4-b    ; Windows 7 ; 6.1        ; x86_64         ;
; Assembler                 ; en-ec-abrl4-b    ; Windows 7 ; 6.1        ; x86_64         ;
; TimeQuest Timing Analyzer ; en-ec-abrl4-b    ; Windows 7 ; 6.1        ; x86_64         ;
; Analysis & Synthesis      ; en-ec-abrl4-b    ; Windows 7 ; 6.1        ; x86_64         ;
; Partition Merge           ; en-ec-abrl4-b    ; Windows 7 ; 6.1        ; x86_64         ;
; Fitter                    ; en-ec-abrl4-b    ; Windows 7 ; 6.1        ; x86_64         ;
; Assembler                 ; en-ec-abrl4-b    ; Windows 7 ; 6.1        ; x86_64         ;
; TimeQuest Timing Analyzer ; en-ec-abrl4-b    ; Windows 7 ; 6.1        ; x86_64         ;
; Analysis & Synthesis      ; en-ec-abrl4-b    ; Windows 7 ; 6.1        ; x86_64         ;
; Partition Merge           ; en-ec-abrl4-b    ; Windows 7 ; 6.1        ; x86_64         ;
; Fitter                    ; en-ec-abrl4-b    ; Windows 7 ; 6.1        ; x86_64         ;
; Assembler                 ; en-ec-abrl4-b    ; Windows 7 ; 6.1        ; x86_64         ;
; TimeQuest Timing Analyzer ; en-ec-abrl4-b    ; Windows 7 ; 6.1        ; x86_64         ;
; Analysis & Synthesis      ; en-ec-abrl4-b    ; Windows 7 ; 6.1        ; x86_64         ;
; Partition Merge           ; en-ec-abrl4-b    ; Windows 7 ; 6.1        ; x86_64         ;
; Fitter                    ; en-ec-abrl4-b    ; Windows 7 ; 6.1        ; x86_64         ;
; Assembler                 ; en-ec-abrl4-b    ; Windows 7 ; 6.1        ; x86_64         ;
; TimeQuest Timing Analyzer ; en-ec-abrl4-b    ; Windows 7 ; 6.1        ; x86_64         ;
; Analysis & Synthesis      ; en-ec-abrl4-b    ; Windows 7 ; 6.1        ; x86_64         ;
; Partition Merge           ; en-ec-abrl4-b    ; Windows 7 ; 6.1        ; x86_64         ;
; Fitter                    ; en-ec-abrl4-b    ; Windows 7 ; 6.1        ; x86_64         ;
; Assembler                 ; en-ec-abrl4-b    ; Windows 7 ; 6.1        ; x86_64         ;
; TimeQuest Timing Analyzer ; en-ec-abrl4-b    ; Windows 7 ; 6.1        ; x86_64         ;
; Analysis & Synthesis      ; en-ec-abrl4-b    ; Windows 7 ; 6.1        ; x86_64         ;
; Partition Merge           ; en-ec-abrl4-b    ; Windows 7 ; 6.1        ; x86_64         ;
; Fitter                    ; en-ec-abrl4-b    ; Windows 7 ; 6.1        ; x86_64         ;
; Assembler                 ; en-ec-abrl4-b    ; Windows 7 ; 6.1        ; x86_64         ;
; TimeQuest Timing Analyzer ; en-ec-abrl4-b    ; Windows 7 ; 6.1        ; x86_64         ;
; Analysis & Synthesis      ; en-ec-abrl4-b    ; Windows 7 ; 6.1        ; x86_64         ;
; Partition Merge           ; en-ec-abrl4-b    ; Windows 7 ; 6.1        ; x86_64         ;
; Fitter                    ; en-ec-abrl4-b    ; Windows 7 ; 6.1        ; x86_64         ;
; Assembler                 ; en-ec-abrl4-b    ; Windows 7 ; 6.1        ; x86_64         ;
; TimeQuest Timing Analyzer ; en-ec-abrl4-b    ; Windows 7 ; 6.1        ; x86_64         ;
; Analysis & Synthesis      ; en-ec-abrl4-b    ; Windows 7 ; 6.1        ; x86_64         ;
; Partition Merge           ; en-ec-abrl4-b    ; Windows 7 ; 6.1        ; x86_64         ;
; Fitter                    ; en-ec-abrl4-b    ; Windows 7 ; 6.1        ; x86_64         ;
; Assembler                 ; en-ec-abrl4-b    ; Windows 7 ; 6.1        ; x86_64         ;
; TimeQuest Timing Analyzer ; en-ec-abrl4-b    ; Windows 7 ; 6.1        ; x86_64         ;
; Analysis & Synthesis      ; en-ec-abrl4-b    ; Windows 7 ; 6.1        ; x86_64         ;
; Partition Merge           ; en-ec-abrl4-b    ; Windows 7 ; 6.1        ; x86_64         ;
; Fitter                    ; en-ec-abrl4-b    ; Windows 7 ; 6.1        ; x86_64         ;
; Assembler                 ; en-ec-abrl4-b    ; Windows 7 ; 6.1        ; x86_64         ;
; TimeQuest Timing Analyzer ; en-ec-abrl4-b    ; Windows 7 ; 6.1        ; x86_64         ;
; Analysis & Synthesis      ; en-ec-abrl4-b    ; Windows 7 ; 6.1        ; x86_64         ;
; Partition Merge           ; en-ec-abrl4-b    ; Windows 7 ; 6.1        ; x86_64         ;
; Fitter                    ; en-ec-abrl4-b    ; Windows 7 ; 6.1        ; x86_64         ;
; Assembler                 ; en-ec-abrl4-b    ; Windows 7 ; 6.1        ; x86_64         ;
; TimeQuest Timing Analyzer ; en-ec-abrl4-b    ; Windows 7 ; 6.1        ; x86_64         ;
; Analysis & Synthesis      ; en-ec-abrl4-b    ; Windows 7 ; 6.1        ; x86_64         ;
; Partition Merge           ; en-ec-abrl4-b    ; Windows 7 ; 6.1        ; x86_64         ;
; Fitter                    ; en-ec-abrl4-b    ; Windows 7 ; 6.1        ; x86_64         ;
; Assembler                 ; en-ec-abrl4-b    ; Windows 7 ; 6.1        ; x86_64         ;
; TimeQuest Timing Analyzer ; en-ec-abrl4-b    ; Windows 7 ; 6.1        ; x86_64         ;
; Analysis & Synthesis      ; en-ec-abrl4-b    ; Windows 7 ; 6.1        ; x86_64         ;
; Partition Merge           ; en-ec-abrl4-b    ; Windows 7 ; 6.1        ; x86_64         ;
; Fitter                    ; en-ec-abrl4-b    ; Windows 7 ; 6.1        ; x86_64         ;
; Assembler                 ; en-ec-abrl4-b    ; Windows 7 ; 6.1        ; x86_64         ;
; TimeQuest Timing Analyzer ; en-ec-abrl4-b    ; Windows 7 ; 6.1        ; x86_64         ;
; Analysis & Synthesis      ; en-ec-abrl4-b    ; Windows 7 ; 6.1        ; x86_64         ;
; Partition Merge           ; en-ec-abrl4-b    ; Windows 7 ; 6.1        ; x86_64         ;
; Fitter                    ; en-ec-abrl4-b    ; Windows 7 ; 6.1        ; x86_64         ;
; Assembler                 ; en-ec-abrl4-b    ; Windows 7 ; 6.1        ; x86_64         ;
; TimeQuest Timing Analyzer ; en-ec-abrl4-b    ; Windows 7 ; 6.1        ; x86_64         ;
; Analysis & Synthesis      ; en-ec-abrl4-b    ; Windows 7 ; 6.1        ; x86_64         ;
; Partition Merge           ; en-ec-abrl4-b    ; Windows 7 ; 6.1        ; x86_64         ;
; Fitter                    ; en-ec-abrl4-b    ; Windows 7 ; 6.1        ; x86_64         ;
; Assembler                 ; en-ec-abrl4-b    ; Windows 7 ; 6.1        ; x86_64         ;
; TimeQuest Timing Analyzer ; en-ec-abrl4-b    ; Windows 7 ; 6.1        ; x86_64         ;
; Analysis & Synthesis      ; en-ec-abrl4-b    ; Windows 7 ; 6.1        ; x86_64         ;
; Partition Merge           ; en-ec-abrl4-b    ; Windows 7 ; 6.1        ; x86_64         ;
; Fitter                    ; en-ec-abrl4-b    ; Windows 7 ; 6.1        ; x86_64         ;
; Assembler                 ; en-ec-abrl4-b    ; Windows 7 ; 6.1        ; x86_64         ;
; TimeQuest Timing Analyzer ; en-ec-abrl4-b    ; Windows 7 ; 6.1        ; x86_64         ;
; Analysis & Synthesis      ; en-ec-abrl4-b    ; Windows 7 ; 6.1        ; x86_64         ;
; Partition Merge           ; en-ec-abrl4-b    ; Windows 7 ; 6.1        ; x86_64         ;
; Fitter                    ; en-ec-abrl4-b    ; Windows 7 ; 6.1        ; x86_64         ;
; Assembler                 ; en-ec-abrl4-b    ; Windows 7 ; 6.1        ; x86_64         ;
; TimeQuest Timing Analyzer ; en-ec-abrl4-b    ; Windows 7 ; 6.1        ; x86_64         ;
+---------------------------+------------------+-----------+------------+----------------+


------------
; Flow Log ;
------------
quartus_map --read_settings_files=on --write_settings_files=off DE1_SoC_Computer -c DE1_SoC_Computer
quartus_fit --read_settings_files=off --write_settings_files=off DE1_SoC_Computer -c DE1_SoC_Computer
quartus_asm --read_settings_files=off --write_settings_files=off DE1_SoC_Computer -c DE1_SoC_Computer
quartus_sta DE1_SoC_Computer -c DE1_SoC_Computer
quartus_map --read_settings_files=on --write_settings_files=off DE1_SoC_Computer -c DE1_SoC_Computer
quartus_cdb --read_settings_files=off --write_settings_files=off DE1_SoC_Computer -c DE1_SoC_Computer --merge=on
quartus_fit --read_settings_files=off --write_settings_files=off DE1_SoC_Computer -c DE1_SoC_Computer
quartus_asm --read_settings_files=off --write_settings_files=off DE1_SoC_Computer -c DE1_SoC_Computer
quartus_sta DE1_SoC_Computer -c DE1_SoC_Computer
quartus_map --read_settings_files=on --write_settings_files=off DE1_SoC_Computer -c DE1_SoC_Computer
quartus_cdb --read_settings_files=off --write_settings_files=off DE1_SoC_Computer -c DE1_SoC_Computer --merge=on
quartus_fit --read_settings_files=off --write_settings_files=off DE1_SoC_Computer -c DE1_SoC_Computer
quartus_asm --read_settings_files=off --write_settings_files=off DE1_SoC_Computer -c DE1_SoC_Computer
quartus_sta DE1_SoC_Computer -c DE1_SoC_Computer
quartus_map --read_settings_files=on --write_settings_files=off DE1_SoC_Computer -c DE1_SoC_Computer
quartus_cdb --read_settings_files=off --write_settings_files=off DE1_SoC_Computer -c DE1_SoC_Computer --merge=on
quartus_fit --read_settings_files=off --write_settings_files=off DE1_SoC_Computer -c DE1_SoC_Computer
quartus_asm --read_settings_files=off --write_settings_files=off DE1_SoC_Computer -c DE1_SoC_Computer
quartus_sta DE1_SoC_Computer -c DE1_SoC_Computer
quartus_map --read_settings_files=on --write_settings_files=off DE1_SoC_Computer -c DE1_SoC_Computer
quartus_cdb --read_settings_files=off --write_settings_files=off DE1_SoC_Computer -c DE1_SoC_Computer --merge=on
quartus_fit --read_settings_files=off --write_settings_files=off DE1_SoC_Computer -c DE1_SoC_Computer
quartus_asm --read_settings_files=off --write_settings_files=off DE1_SoC_Computer -c DE1_SoC_Computer
quartus_sta DE1_SoC_Computer -c DE1_SoC_Computer
quartus_map --read_settings_files=on --write_settings_files=off DE1_SoC_Computer -c DE1_SoC_Computer
quartus_cdb --read_settings_files=off --write_settings_files=off DE1_SoC_Computer -c DE1_SoC_Computer --merge=on
quartus_fit --read_settings_files=off --write_settings_files=off DE1_SoC_Computer -c DE1_SoC_Computer
quartus_asm --read_settings_files=off --write_settings_files=off DE1_SoC_Computer -c DE1_SoC_Computer
quartus_sta DE1_SoC_Computer -c DE1_SoC_Computer
quartus_map --read_settings_files=on --write_settings_files=off DE1_SoC_Computer -c DE1_SoC_Computer
quartus_cdb --read_settings_files=off --write_settings_files=off DE1_SoC_Computer -c DE1_SoC_Computer --merge=on
quartus_fit --read_settings_files=off --write_settings_files=off DE1_SoC_Computer -c DE1_SoC_Computer
quartus_asm --read_settings_files=off --write_settings_files=off DE1_SoC_Computer -c DE1_SoC_Computer
quartus_sta DE1_SoC_Computer -c DE1_SoC_Computer
quartus_map --read_settings_files=on --write_settings_files=off DE1_SoC_Computer -c DE1_SoC_Computer
quartus_cdb --read_settings_files=off --write_settings_files=off DE1_SoC_Computer -c DE1_SoC_Computer --merge=on
quartus_fit --read_settings_files=off --write_settings_files=off DE1_SoC_Computer -c DE1_SoC_Computer
quartus_asm --read_settings_files=off --write_settings_files=off DE1_SoC_Computer -c DE1_SoC_Computer
quartus_sta DE1_SoC_Computer -c DE1_SoC_Computer
quartus_map --read_settings_files=on --write_settings_files=off DE1_SoC_Computer -c DE1_SoC_Computer
quartus_cdb --read_settings_files=off --write_settings_files=off DE1_SoC_Computer -c DE1_SoC_Computer --merge=on
quartus_fit --read_settings_files=off --write_settings_files=off DE1_SoC_Computer -c DE1_SoC_Computer
quartus_asm --read_settings_files=off --write_settings_files=off DE1_SoC_Computer -c DE1_SoC_Computer
quartus_sta DE1_SoC_Computer -c DE1_SoC_Computer
quartus_map --read_settings_files=on --write_settings_files=off DE1_SoC_Computer -c DE1_SoC_Computer
quartus_cdb --read_settings_files=off --write_settings_files=off DE1_SoC_Computer -c DE1_SoC_Computer --merge=on
quartus_fit --read_settings_files=off --write_settings_files=off DE1_SoC_Computer -c DE1_SoC_Computer
quartus_asm --read_settings_files=off --write_settings_files=off DE1_SoC_Computer -c DE1_SoC_Computer
quartus_sta DE1_SoC_Computer -c DE1_SoC_Computer
quartus_map --read_settings_files=on --write_settings_files=off DE1_SoC_Computer -c DE1_SoC_Computer
quartus_cdb --read_settings_files=off --write_settings_files=off DE1_SoC_Computer -c DE1_SoC_Computer --merge=on
quartus_fit --read_settings_files=off --write_settings_files=off DE1_SoC_Computer -c DE1_SoC_Computer
quartus_asm --read_settings_files=off --write_settings_files=off DE1_SoC_Computer -c DE1_SoC_Computer
quartus_sta DE1_SoC_Computer -c DE1_SoC_Computer
quartus_map --read_settings_files=on --write_settings_files=off DE1_SoC_Computer -c DE1_SoC_Computer
quartus_cdb --read_settings_files=off --write_settings_files=off DE1_SoC_Computer -c DE1_SoC_Computer --merge=on
quartus_fit --read_settings_files=off --write_settings_files=off DE1_SoC_Computer -c DE1_SoC_Computer
quartus_asm --read_settings_files=off --write_settings_files=off DE1_SoC_Computer -c DE1_SoC_Computer
quartus_sta DE1_SoC_Computer -c DE1_SoC_Computer
quartus_map --read_settings_files=on --write_settings_files=off DE1_SoC_Computer -c DE1_SoC_Computer
quartus_cdb --read_settings_files=off --write_settings_files=off DE1_SoC_Computer -c DE1_SoC_Computer --merge=on
quartus_fit --read_settings_files=off --write_settings_files=off DE1_SoC_Computer -c DE1_SoC_Computer
quartus_asm --read_settings_files=off --write_settings_files=off DE1_SoC_Computer -c DE1_SoC_Computer
quartus_sta DE1_SoC_Computer -c DE1_SoC_Computer
quartus_map --read_settings_files=on --write_settings_files=off DE1_SoC_Computer -c DE1_SoC_Computer
quartus_cdb --read_settings_files=off --write_settings_files=off DE1_SoC_Computer -c DE1_SoC_Computer --merge=on
quartus_fit --read_settings_files=off --write_settings_files=off DE1_SoC_Computer -c DE1_SoC_Computer
quartus_asm --read_settings_files=off --write_settings_files=off DE1_SoC_Computer -c DE1_SoC_Computer
quartus_sta DE1_SoC_Computer -c DE1_SoC_Computer
quartus_map --read_settings_files=on --write_settings_files=off DE1_SoC_Computer -c DE1_SoC_Computer
quartus_cdb --read_settings_files=off --write_settings_files=off DE1_SoC_Computer -c DE1_SoC_Computer --merge=on
quartus_fit --read_settings_files=off --write_settings_files=off DE1_SoC_Computer -c DE1_SoC_Computer
quartus_asm --read_settings_files=off --write_settings_files=off DE1_SoC_Computer -c DE1_SoC_Computer
quartus_sta DE1_SoC_Computer -c DE1_SoC_Computer
quartus_map --read_settings_files=on --write_settings_files=off DE1_SoC_Computer -c DE1_SoC_Computer
quartus_cdb --read_settings_files=off --write_settings_files=off DE1_SoC_Computer -c DE1_SoC_Computer --merge=on
quartus_fit --read_settings_files=off --write_settings_files=off DE1_SoC_Computer -c DE1_SoC_Computer
quartus_asm --read_settings_files=off --write_settings_files=off DE1_SoC_Computer -c DE1_SoC_Computer
quartus_sta DE1_SoC_Computer -c DE1_SoC_Computer
quartus_map --read_settings_files=on --write_settings_files=off DE1_SoC_Computer -c DE1_SoC_Computer
quartus_cdb --read_settings_files=off --write_settings_files=off DE1_SoC_Computer -c DE1_SoC_Computer --merge=on
quartus_fit --read_settings_files=off --write_settings_files=off DE1_SoC_Computer -c DE1_SoC_Computer
quartus_asm --read_settings_files=off --write_settings_files=off DE1_SoC_Computer -c DE1_SoC_Computer
quartus_sta DE1_SoC_Computer -c DE1_SoC_Computer
quartus_map --read_settings_files=on --write_settings_files=off DE1_SoC_Computer -c DE1_SoC_Computer
quartus_cdb --read_settings_files=off --write_settings_files=off DE1_SoC_Computer -c DE1_SoC_Computer --merge=on
quartus_fit --read_settings_files=off --write_settings_files=off DE1_SoC_Computer -c DE1_SoC_Computer
quartus_asm --read_settings_files=off --write_settings_files=off DE1_SoC_Computer -c DE1_SoC_Computer
quartus_sta DE1_SoC_Computer -c DE1_SoC_Computer
quartus_map --read_settings_files=on --write_settings_files=off DE1_SoC_Computer -c DE1_SoC_Computer
quartus_cdb --read_settings_files=off --write_settings_files=off DE1_SoC_Computer -c DE1_SoC_Computer --merge=on
quartus_fit --read_settings_files=off --write_settings_files=off DE1_SoC_Computer -c DE1_SoC_Computer
quartus_asm --read_settings_files=off --write_settings_files=off DE1_SoC_Computer -c DE1_SoC_Computer
quartus_sta DE1_SoC_Computer -c DE1_SoC_Computer
quartus_map --read_settings_files=on --write_settings_files=off DE1_SoC_Computer -c DE1_SoC_Computer
quartus_cdb --read_settings_files=off --write_settings_files=off DE1_SoC_Computer -c DE1_SoC_Computer --merge=on
quartus_fit --read_settings_files=off --write_settings_files=off DE1_SoC_Computer -c DE1_SoC_Computer
quartus_asm --read_settings_files=off --write_settings_files=off DE1_SoC_Computer -c DE1_SoC_Computer
quartus_sta DE1_SoC_Computer -c DE1_SoC_Computer



